::1 - - [20/Sep/2018:13:46:59 +0000] "POST /login HTTP/1.1" 200 832 "-" "PostmanRuntime/7.3.0"
::1 - - [20/Sep/2018:13:47:22 +0000] "POST /user/records/create HTTP/1.1" 500 65 "-" "PostmanRuntime/7.3.0"
::1 - - [20/Sep/2018:13:50:17 +0000] "GET /user/records HTTP/1.1" 200 196 "-" "PostmanRuntime/7.3.0"
::1 - - [20/Sep/2018:13:50:27 +0000] "POST /user/records/create HTTP/1.1" 500 65 "-" "PostmanRuntime/7.3.0"
::1 - - [20/Sep/2018:13:51:50 +0000] "POST /login HTTP/1.1" 200 832 "-" "PostmanRuntime/7.3.0"
::1 - - [20/Sep/2018:13:51:53 +0000] "POST /login HTTP/1.1" 200 832 "-" "PostmanRuntime/7.3.0"
::1 - - [20/Sep/2018:13:54:27 +0000] "POST /login HTTP/1.1" 200 683 "-" "PostmanRuntime/7.3.0"
::1 - - [20/Sep/2018:13:54:44 +0000] "POST /user/records/create HTTP/1.1" 200 394 "-" "PostmanRuntime/7.3.0"
::1 - - [20/Sep/2018:13:55:06 +0000] "POST /user/records/create HTTP/1.1" 404 40 "-" "PostmanRuntime/7.3.0"
::1 - - [20/Sep/2018:13:55:12 +0000] "POST /user/records/create HTTP/1.1" 404 40 "-" "PostmanRuntime/7.3.0"
::1 - - [20/Sep/2018:13:55:13 +0000] "POST /user/records/create HTTP/1.1" 404 40 "-" "PostmanRuntime/7.3.0"
::1 - - [20/Sep/2018:13:55:17 +0000] "POST /user/records/create HTTP/1.1" 404 40 "-" "PostmanRuntime/7.3.0"
::1 - - [20/Sep/2018:13:55:18 +0000] "POST /user/records/create HTTP/1.1" 404 40 "-" "PostmanRuntime/7.3.0"
::1 - - [20/Sep/2018:13:55:23 +0000] "POST /user/records/create HTTP/1.1" 404 40 "-" "PostmanRuntime/7.3.0"
::1 - - [20/Sep/2018:13:55:26 +0000] "POST /user/records/create HTTP/1.1" 404 40 "-" "PostmanRuntime/7.3.0"
::1 - - [20/Sep/2018:13:55:30 +0000] "POST /user/records/create HTTP/1.1" 200 498 "-" "PostmanRuntime/7.3.0"
::1 - - [21/Sep/2018:05:24:37 +0000] "POST /login HTTP/1.1" 401 82 "-" "PostmanRuntime/7.3.0"
::1 - - [21/Sep/2018:05:24:45 +0000] "POST /login HTTP/1.1" 200 795 "-" "PostmanRuntime/7.3.0"
::1 - - [21/Sep/2018:05:25:13 +0000] "GET /user/records HTTP/1.1" 200 169 "-" "PostmanRuntime/7.3.0"
::1 - - [21/Sep/2018:05:25:58 +0000] "DELETE /user/records/11 HTTP/1.1" - - "-" "PostmanRuntime/7.3.0"
::1 - - [21/Sep/2018:05:29:57 +0000] "DELETE /user/records/11 HTTP/1.1" 401 55 "-" "PostmanRuntime/7.3.0"
::1 - - [21/Sep/2018:05:30:02 +0000] "POST /login HTTP/1.1" 200 795 "-" "PostmanRuntime/7.3.0"
::1 - - [21/Sep/2018:05:35:09 +0000] "DELETE /user/records/11 HTTP/1.1" 401 55 "-" "PostmanRuntime/7.3.0"
::1 - - [21/Sep/2018:05:35:14 +0000] "POST /login HTTP/1.1" 200 795 "-" "PostmanRuntime/7.3.0"
::1 - - [21/Sep/2018:05:37:29 +0000] "DELETE /user/records/11 HTTP/1.1" - - "-" "PostmanRuntime/7.3.0"
::1 - - [21/Sep/2018:05:37:45 +0000] "POST /signup HTTP/1.1" 201 594 "-" "PostmanRuntime/7.3.0"
::1 - - [21/Sep/2018:05:38:03 +0000] "POST /login HTTP/1.1" 200 628 "-" "PostmanRuntime/7.3.0"
::1 - - [21/Sep/2018:05:38:49 +0000] "POST /user/records/create HTTP/1.1" 200 298 "-" "PostmanRuntime/7.3.0"
::1 - - [21/Sep/2018:05:42:08 +0000] "POST /login HTTP/1.1" 200 683 "-" "PostmanRuntime/7.3.0"
::1 - - [21/Sep/2018:05:43:52 +0000] "POST /user/records/create HTTP/1.1" 200 353 "-" "PostmanRuntime/7.3.0"
::1 - - [21/Sep/2018:05:44:21 +0000] "POST /user/records/create HTTP/1.1" 200 408 "-" "PostmanRuntime/7.3.0"
::1 - - [21/Sep/2018:05:44:27 +0000] "POST /user/records/create HTTP/1.1" 404 40 "-" "PostmanRuntime/7.3.0"
::1 - - [21/Sep/2018:05:48:34 +0000] "DELETE /user/records/3 HTTP/1.1" - - "-" "PostmanRuntime/7.3.0"
::1 - - [21/Sep/2018:06:38:06 +0000] "DELETE /user/records/2 HTTP/1.1" 200 523 "-" "PostmanRuntime/7.3.0"
::1 - - [21/Sep/2018:06:39:56 +0000] "DELETE /user/records/2 HTTP/1.1" 200 553 "-" "PostmanRuntime/7.3.0"
::1 - - [21/Sep/2018:06:40:24 +0000] "POST /signup HTTP/1.1" 201 594 "-" "PostmanRuntime/7.3.0"
::1 - - [21/Sep/2018:06:40:32 +0000] "POST /login HTTP/1.1" 200 628 "-" "PostmanRuntime/7.3.0"
::1 - - [21/Sep/2018:06:40:57 +0000] "POST /user/records/create HTTP/1.1" 200 298 "-" "PostmanRuntime/7.3.0"
::1 - - [21/Sep/2018:06:41:09 +0000] "POST /user/records/create HTTP/1.1" 200 351 "-" "PostmanRuntime/7.3.0"
::1 - - [21/Sep/2018:06:41:17 +0000] "POST /user/records/create HTTP/1.1" 200 406 "-" "PostmanRuntime/7.3.0"
::1 - - [21/Sep/2018:06:41:41 +0000] "DELETE /user/records/2 HTTP/1.1" 400 59 "-" "PostmanRuntime/7.3.0"
::1 - - [21/Sep/2018:06:50:55 +0000] "DELETE /user/records/2 HTTP/1.1" - - "-" "PostmanRuntime/7.3.0"
::1 - - [21/Sep/2018:06:53:28 +0000] "DELETE /user/records/2 HTTP/1.1" 200 351 "-" "PostmanRuntime/7.3.0"
::1 - - [22/Sep/2018:11:28:13 +0000] "POST /login HTTP/1.1" - - "-" "PostmanRuntime/7.3.0"
::1 - - [22/Sep/2018:11:42:28 +0000] "POST /login HTTP/1.1" 200 736 "-" "PostmanRuntime/7.3.0"
